<?xml version="1.0" encoding="UTF-8" ?>
<testsuite name="TestSystemStatus" timestamp="2026&#x002D;09&#x002D;16T16:22:27" hostname="DESKTOP&#x002D;AHVKPFM" tests="21" failures="0" errors="0" skipped="0" time="16.787">
  <properties>
    <property name="QTestVersion" value="6.11.1"/>
    <property name="QtVersion" value="6.11.1"/>
    <property name="QtBuild" value="Qt 6.11.1 (x86_64&#x002D;little_endian&#x002D;llp64 shared (dynamic) release build; by GCC 13.1.0)"/>
  </properties>
  <testcase name="initTestCase" classname="TestSystemStatus" time="0.000"/>
  <testcase name="parsesCanonicalStatesAndMissingFields" classname="TestSystemStatus" time="0.000"/>
  <testcase name="parsesLegacyWithoutTurningMissingIntoOff" classname="TestSystemStatus" time="0.000"/>
  <testcase name="parsesPartialAndMultipleNdjsonFrames" classname="TestSystemStatus" time="0.000"/>
  <testcase name="programmaticCheckedUpdateDoesNotClick" classname="TestSystemStatus" time="0.000"/>
  <testcase name="commandSuccessStillWaitsForStatus" classname="TestSystemStatus" time="0.264"/>
  <testcase name="commandFailureRestoresConfirmedStateAndReportsError" classname="TestSystemStatus" time="0.140"/>
  <testcase name="canonicalReadyAutomaticallyEnablesController" classname="TestSystemStatus" time="0.578"/>
  <testcase name="jointAckCanArriveBeforeOutstandingStatus" classname="TestSystemStatus" time="0.704"/>
  <testcase name="longMotionKeepsCanonicalComponentStatusDuringBridgeSilence" classname="TestSystemStatus" time="5.339"/>
  <testcase name="largeJointMoveUsesOneTotalDurationAndKeepsStreamOn" classname="TestSystemStatus" time="0.855"/>
  <testcase name="jointBusyIgnoresStaleResponseAndRecoversOnTimeout" classname="TestSystemStatus" time="0.000"/>
  <testcase name="disconnectBecomesUnknownAndReconnectResynchronizes" classname="TestSystemStatus" time="0.134"/>
  <testcase name="externalClientChangesAreReflectedByPolling" classname="TestSystemStatus" time="0.555"/>
  <testcase name="jointTimerPollsDuringMotionAndRestartsOnReconnect" classname="TestSystemStatus" time="2.291"/>
  <testcase name="jointTimerRetriesTimeoutAndIgnoresLateSnapshot" classname="TestSystemStatus" time="3.138"/>
  <testcase name="continuousJointDisplayDoesNotInterruptDraggingOrSendCommands" classname="TestSystemStatus" time="0.524"/>
  <testcase name="compactLayoutKeepsAllJointRowsVisible" classname="TestSystemStatus" time="0.795"/>
  <testcase name="jointAngleEntrySubmitsOnlyOnEnterAndReportsFailures" classname="TestSystemStatus" time="1.189"/>
  <testcase name="jointAngleEntryRejectsInvalidTargetsAndTimeoutReportsFailure" classname="TestSystemStatus" time="0.278"/>
  <testcase name="cleanupTestCase" classname="TestSystemStatus" time="0.000"/>
</testsuite>
