<?xml version="1.0" encoding="UTF-8" ?>
<testsuite name="TestPlanning" timestamp="2026&#x002D;09&#x002D;25T15:05:09" hostname="DESKTOP&#x002D;AHVKPFM" tests="21" failures="0" errors="0" skipped="0" time="52.841">
  <properties>
    <property name="QTestVersion" value="6.11.1"/>
    <property name="QtVersion" value="6.11.1"/>
    <property name="QtBuild" value="Qt 6.11.1 (x86_64&#x002D;little_endian&#x002D;llp64 shared (dynamic) release build; by GCC 13.1.0)"/>
  </properties>
  <testcase name="initTestCase" classname="TestPlanning" time="0.000"/>
  <testcase name="correlationAndWrongEnvelopes" classname="TestPlanning" time="0.324"/>
  <testcase name="ackSequenceAndOldTask" classname="TestPlanning" time="0.388"/>
  <testcase name="terminalBeforeAck" classname="TestPlanning" time="0.296"/>
  <testcase name="timeoutAndLateResponse" classname="TestPlanning" time="2.086"/>
  <testcase name="cancelRaceAndConfirmation" classname="TestPlanning" time="0.484"/>
  <testcase name="cancelAckTimeoutAndDisconnect" classname="TestPlanning" time="3.397"/>
  <testcase name="reconnectRequiresStatus" classname="TestPlanning" time="0.577"/>
  <testcase name="sceneModelAndValidationInvalidate" classname="TestPlanning" time="0.454"/>
  <testcase name="capabilityGatingAndOldSceneResponse" classname="TestPlanning" time="0.641"/>
  <testcase name="ndjsonLimitsAndFragments" classname="TestPlanning" time="0.002"/>
  <testcase name="invalidInput" classname="TestPlanning" time="0.005"/>
  <testcase name="panelUsesSceneAndRejectsNan" classname="TestPlanning" time="1.018"/>
  <testcase name="mockIntegration(normal)" classname="TestPlanning" time="5.741"/>
  <testcase name="mockIntegration(terminal&#x002D;first)" classname="TestPlanning" time="6.346"/>
  <testcase name="mockIntegration(failure)" classname="TestPlanning" time="5.298"/>
  <testcase name="mockIntegration(timeout)" classname="TestPlanning" time="5.598"/>
  <testcase name="mockIntegration(disconnect)" classname="TestPlanning" time="8.643"/>
  <testcase name="mockIntegration(stale&#x002D;revision)" classname="TestPlanning" time="6.936"/>
  <testcase name="mockIntegration(cancel)" classname="TestPlanning" time="4.597"/>
  <testcase name="cleanupTestCase" classname="TestPlanning" time="0.000"/>
</testsuite>
